<?xml version="1.0" encoding="UTF-8"?>
<!-- Generated by org.testng.reporters.JUnitReportReporter -->
<testsuite hostname="Dell" failures="0" tests="1" name="TestCase1.LoginTest" time="3.428" errors="0" timestamp="2023-02-21T22:42:49 BDT" skipped="0">
  <testcase classname="TestCase1.LoginTest" name="login" time="3.428"/>
  <system-out/>
</testsuite> <!-- TestCase1.LoginTest -->
